  [4;36;1mSQL (0.3ms)[0m   [0;1m SELECT name
 FROM sqlite_master
 WHERE type = 'table' AND NOT name = 'sqlite_sequence'
[0m
  [4;35;1mSQL (31.7ms)[0m   [0mselect sqlite_version(*)[0m
  [4;36;1mSQL (3.3ms)[0m   [0;1mCREATE TABLE "schema_migrations" ("version" varchar(255) NOT NULL) [0m
  [4;35;1mSQL (3.0ms)[0m   [0mCREATE UNIQUE INDEX "unique_schema_migrations" ON "schema_migrations" ("version")[0m
  [4;36;1mSQL (0.6ms)[0m   [0;1m SELECT name
 FROM sqlite_master
 WHERE type = 'table' AND NOT name = 'sqlite_sequence'
[0m
  [4;35;1mSQL (0.2ms)[0m   [0mSELECT version FROM schema_migrations[0m
Migrating to CreateEmails (20090204040652)
  [4;36;1mSQL (2.9ms)[0m   [0;1mCREATE TABLE "emails" ("id" INTEGER PRIMARY KEY AUTOINCREMENT NOT NULL, "subject" varchar(255), "from" varchar(255), "body" text, "created_at" datetime, "updated_at" datetime) [0m
  [4;35;1mSQL (3.3ms)[0m   [0mINSERT INTO schema_migrations (version) VALUES ('20090204040652')[0m
  [4;36;1mSQL (0.4ms)[0m   [0;1m SELECT name
 FROM sqlite_master
 WHERE type = 'table' AND NOT name = 'sqlite_sequence'
[0m
  [4;35;1mSQL (0.3ms)[0m   [0mSELECT version FROM schema_migrations[0m
  [4;36;1mSQL (0.4ms)[0m   [0;1m SELECT name
 FROM sqlite_master
 WHERE type = 'table' AND NOT name = 'sqlite_sequence'
[0m
  [4;35;1mSQL (0.1ms)[0m   [0mPRAGMA index_list("emails")[0m
  [4;36;1mEmail Create (0.6ms)[0m   [0;1mINSERT INTO "emails" ("updated_at", "body", "from", "subject", "created_at") VALUES('2009-02-04 04:08:30', 'and this is the body

and this is the body

--000325563a32a4f55b04620fed2a--', '--- 
- !ruby/object:TMail::Address 
 domain: 
 - gmail
 - com
 local: 
 - supporttrackr
 name: Support Test
 routes: []

', 'This is the subject', '2009-02-04 04:08:30')[0m
  [4;36;1mEmail Create (0.5ms)[0m   [0;1mINSERT INTO "emails" ("updated_at", "body", "from", "subject", "created_at") VALUES('2009-02-04 04:16:44', 'body

body

--0003255646ceff1d380462100af3--', '--- 
- supporttrackr@gmail.com
', 'subject', '2009-02-04 04:16:44')[0m
  [4;36;1mEmail Create (0.5ms)[0m   [0;1mINSERT INTO "emails" ("updated_at", "body", "from", "subject", "created_at") VALUES('2009-02-04 04:18:02', 'body

body

--000e0cd28d7a76c8d00462100fc5--', '--- 
- supporttrackr@gmail.com
', 'test', '2009-02-04 04:18:02')[0m
  [4;36;1mEmail Load (0.5ms)[0m   [0;1mSELECT * FROM "emails" ORDER BY emails.id DESC LIMIT 1[0m
  [4;35;1mSQL (0.3ms)[0m   [0mSELECT count(*) AS count_all FROM "emails" [0m
  [4;36;1mEmail Load (0.4ms)[0m   [0;1mSELECT * FROM "emails" LIMIT 1[0m
  [4;36;1mEmail Create (0.5ms)[0m   [0;1mINSERT INTO "emails" ("updated_at", "body", "from", "subject", "created_at") VALUES('2009-02-04 04:35:13', 'one

--0016368e2494eb3e7c0462104c88--', '--- 
- supporttrackr@gmail.com
', 'last', '2009-02-04 04:35:13')[0m
  [4;36;1mSQL (0.5ms)[0m   [0;1m SELECT name
 FROM sqlite_master
 WHERE type = 'table' AND NOT name = 'sqlite_sequence'
[0m
  [4;35;1mSQL (0.2ms)[0m   [0mSELECT version FROM schema_migrations[0m
Migrating to CreateEmails (20090204040652)
Migrating to EmailFields (20090204162823)
  [4;36;1mSQL (0.1ms)[0m   [0;1mselect sqlite_version(*)[0m
  [4;35;1mSQL (0.9ms)[0m   [0mCREATE TEMPORARY TABLE "altered_emails" ("id" INTEGER PRIMARY KEY AUTOINCREMENT NOT NULL, "subject" varchar(255), "from" varchar(255), "body" text, "created_at" datetime, "updated_at" datetime) [0m
  [4;36;1mSQL (0.0ms)[0m   [0;1mPRAGMA index_list("emails")[0m
  [4;35;1mSQL (0.3ms)[0m   [0mDROP TABLE "emails"[0m
  [4;36;1mSQL (0.2ms)[0m   [0;1mCREATE TABLE "emails" ("id" INTEGER PRIMARY KEY AUTOINCREMENT NOT NULL, "subject" varchar(255), "from" varchar(255), "created_at" datetime, "updated_at" datetime) [0m
  [4;35;1mSQL (0.0ms)[0m   [0mPRAGMA index_list("altered_emails")[0m
  [4;36;1mSQL (0.1ms)[0m   [0;1mDROP TABLE "altered_emails"[0m
  [4;35;1mSQL (0.4ms)[0m   [0mCREATE TEMPORARY TABLE "altered_emails" ("id" INTEGER PRIMARY KEY AUTOINCREMENT NOT NULL, "subject" varchar(255), "from" varchar(255), "created_at" datetime, "updated_at" datetime) [0m
  [4;36;1mSQL (0.1ms)[0m   [0;1mPRAGMA index_list("emails")[0m
  [4;35;1mSQL (0.4ms)[0m   [0mDROP TABLE "emails"[0m
  [4;36;1mSQL (0.2ms)[0m   [0;1mCREATE TABLE "emails" ("id" INTEGER PRIMARY KEY AUTOINCREMENT NOT NULL, "from" varchar(255), "created_at" datetime, "updated_at" datetime) [0m
  [4;35;1mSQL (0.1ms)[0m   [0mPRAGMA index_list("altered_emails")[0m
  [4;36;1mSQL (0.2ms)[0m   [0;1mDROP TABLE "altered_emails"[0m
  [4;35;1mSQL (0.3ms)[0m   [0mCREATE TEMPORARY TABLE "altered_emails" ("id" INTEGER PRIMARY KEY AUTOINCREMENT NOT NULL, "from" varchar(255), "created_at" datetime, "updated_at" datetime) [0m
  [4;36;1mSQL (0.1ms)[0m   [0;1mPRAGMA index_list("emails")[0m
  [4;35;1mSQL (0.4ms)[0m   [0mDROP TABLE "emails"[0m
  [4;36;1mSQL (0.2ms)[0m   [0;1mCREATE TABLE "emails" ("id" INTEGER PRIMARY KEY AUTOINCREMENT NOT NULL, "created_at" datetime, "updated_at" datetime) [0m
  [4;35;1mSQL (0.1ms)[0m   [0mPRAGMA index_list("altered_emails")[0m
  [4;36;1mSQL (0.1ms)[0m   [0;1mDROP TABLE "altered_emails"[0m
  [4;35;1mSQL (1.6ms)[0m   [0mALTER TABLE "emails" ADD "message" text[0m
  [4;36;1mSQL (42.6ms)[0m   [0;1mVACUUM[0m
  [4;35;1mSQL (2.6ms)[0m   [0mALTER TABLE "emails" ADD "uid" varchar(255)[0m
  [4;36;1mSQL (5.3ms)[0m   [0;1mVACUUM[0m
  [4;35;1mSQL (3.1ms)[0m   [0mINSERT INTO schema_migrations (version) VALUES ('20090204162823')[0m
  [4;36;1mSQL (0.4ms)[0m   [0;1m SELECT name
 FROM sqlite_master
 WHERE type = 'table' AND NOT name = 'sqlite_sequence'
[0m
  [4;35;1mSQL (0.2ms)[0m   [0mSELECT version FROM schema_migrations[0m
  [4;36;1mSQL (0.2ms)[0m   [0;1m SELECT name
 FROM sqlite_master
 WHERE type = 'table' AND NOT name = 'sqlite_sequence'
[0m
  [4;35;1mSQL (0.1ms)[0m   [0mPRAGMA index_list("emails")[0m
Received email: 22
  [4;36;1mEmail Create (0.6ms)[0m   [0;1mINSERT INTO "emails" ("message", "updated_at", "uid", "created_at") VALUES('MIME-Version: 1.0
Received: by 10.142.215.15 with HTTP; Wed, 4 Feb 2009 08:51:04 -0800 (PST)
Date: Wed, 4 Feb 2009 08:51:04 -0800
Delivered-To: supporttrackr@gmail.com
Message-ID: <35c02b870902040851k6e50d879k9ef4835ad3086fba@mail.gmail.com>
Subject: it
From: Support Test <supporttrackr@gmail.com>
To: supporttrackr@gmail.com
Content-Type: multipart/alternative; boundary=000325563a32ed56b604621a976e

--000325563a32ed56b604621a976e
Content-Type: text/plain; charset=ISO-8859-1
Content-Transfer-Encoding: 7bit

in

--000325563a32ed56b604621a976e
Content-Type: text/html; charset=ISO-8859-1
Content-Transfer-Encoding: 7bit

in

--000325563a32ed56b604621a976e--', '2009-02-04 16:51:59', 22, '2009-02-04 16:51:59')[0m


Processing EmailsController#index (for 127.0.0.1 at 2009-02-04 08:54:45) [GET]
  [4;36;1mEmail Load (0.6ms)[0m   [0;1mSELECT * FROM "emails" [0m
Rendering emails/index

ActionView::TemplateError (undefined method `msg' for #<Email:0x243ef20>) on line #3 of app/views/emails/index.html.erb:
1: <ul>
2: <% @emails.each do |e| %>
3:   <li><%= e.msg %></li>
4: <% end %>
5: </ul>

    app/views/emails/index.html.erb:3
    app/views/emails/index.html.erb:2:in `each'
    app/views/emails/index.html.erb:2
    thin (0.8.1) lib/thin/connection.rb:59:in `pre_process'
    thin (0.8.1) lib/thin/connection.rb:50:in `process'
    thin (0.8.1) lib/thin/connection.rb:35:in `receive_data'
    eventmachine (0.12.2) lib/eventmachine.rb:231:in `run_machine'
    eventmachine (0.12.2) lib/eventmachine.rb:231:in `run'
    thin (0.8.1) lib/thin/backends/base.rb:45:in `start'
    thin (0.8.1) lib/thin/server.rb:146:in `start'
    thin (0.8.1) lib/thin/controllers/controller.rb:79:in `start'
    thin (0.8.1) lib/thin/runner.rb:166:in `send'
    thin (0.8.1) lib/thin/runner.rb:166:in `run_command'
    thin (0.8.1) lib/thin/runner.rb:136:in `run!'
    thin (0.8.1) bin/thin:6
    /usr/local/bin/thin:19:in `load'
    /usr/local/bin/thin:19

Rendered rescues/_trace (29.7ms)
Rendered rescues/_request_and_response (0.5ms)
Rendering rescues/layout (internal_server_error)


Processing EmailsController#index (for 127.0.0.1 at 2009-02-04 08:54:57) [GET]
  [4;35;1mEmail Load (0.5ms)[0m   [0mSELECT * FROM "emails" [0m
Rendering emails/index
Completed in 11ms (View: 6, DB: 0) | 200 OK [http://localhost/emails]


Processing EmailsController#index (for 127.0.0.1 at 2009-02-04 08:55:04) [GET]
  [4;36;1mEmail Load (0.7ms)[0m   [0;1mSELECT * FROM "emails" [0m
Rendering emails/index
Completed in 16ms (View: 9, DB: 1) | 200 OK [http://localhost/emails]


Processing EmailsController#index (for 127.0.0.1 at 2009-02-04 08:56:53) [GET]
  [4;35;1mEmail Load (0.5ms)[0m   [0mSELECT * FROM "emails" [0m
Rendering emails/index

ActionView::TemplateError (undefined method `index' for #<Email:0x2557fec>) on line #3 of app/views/emails/index.html.erb:
1: <ul>
2: <% @emails.each do |e| %>
3:   <li><%= display_email(e) %></li>
4: <% end %>
5: </ul>

    app/helpers/emails_helper.rb:3:in `display_email'
    app/views/emails/index.html.erb:3
    app/views/emails/index.html.erb:2:in `each'
    app/views/emails/index.html.erb:2
    thin (0.8.1) lib/thin/connection.rb:59:in `pre_process'
    thin (0.8.1) lib/thin/connection.rb:50:in `process'
    thin (0.8.1) lib/thin/connection.rb:35:in `receive_data'
    eventmachine (0.12.2) lib/eventmachine.rb:231:in `run_machine'
    eventmachine (0.12.2) lib/eventmachine.rb:231:in `run'
    thin (0.8.1) lib/thin/backends/base.rb:45:in `start'
    thin (0.8.1) lib/thin/server.rb:146:in `start'
    thin (0.8.1) lib/thin/controllers/controller.rb:79:in `start'
    thin (0.8.1) lib/thin/runner.rb:166:in `send'
    thin (0.8.1) lib/thin/runner.rb:166:in `run_command'
    thin (0.8.1) lib/thin/runner.rb:136:in `run!'
    thin (0.8.1) bin/thin:6
    /usr/local/bin/thin:19:in `load'
    /usr/local/bin/thin:19

Rendered rescues/_trace (93.8ms)
Rendered rescues/_request_and_response (0.3ms)
Rendering rescues/layout (internal_server_error)


Processing EmailsController#index (for 127.0.0.1 at 2009-02-04 08:57:30) [GET]
  [4;36;1mEmail Load (0.5ms)[0m   [0;1mSELECT * FROM "emails" [0m
Rendering emails/index
Rendered emails/_email (1.6ms)
Completed in 16ms (View: 11, DB: 0) | 200 OK [http://localhost/emails]


Processing EmailsController#index (for 127.0.0.1 at 2009-02-04 08:57:51) [GET]
  [4;35;1mEmail Load (0.5ms)[0m   [0mSELECT * FROM "emails" [0m
Rendering emails/index

ActionView::TemplateError (undefined method `pretty_from' for #<TMail::Mail:0x257aac4>) on line #1 of app/views/emails/_email.html.erb:
1: <%= email.pretty_from %>: <%= email.from %>
2: <%= email.subject %>
3: <hr />
4: <%= email.body %>

    app/views/emails/_email.html.erb:1
    app/helpers/emails_helper.rb:3:in `display_email'
    app/views/emails/index.html.erb:3
    app/views/emails/index.html.erb:2:in `each'
    app/views/emails/index.html.erb:2
    thin (0.8.1) lib/thin/connection.rb:59:in `pre_process'
    thin (0.8.1) lib/thin/connection.rb:50:in `process'
    thin (0.8.1) lib/thin/connection.rb:35:in `receive_data'
    eventmachine (0.12.2) lib/eventmachine.rb:231:in `run_machine'
    eventmachine (0.12.2) lib/eventmachine.rb:231:in `run'
    thin (0.8.1) lib/thin/backends/base.rb:45:in `start'
    thin (0.8.1) lib/thin/server.rb:146:in `start'
    thin (0.8.1) lib/thin/controllers/controller.rb:79:in `start'
    thin (0.8.1) lib/thin/runner.rb:166:in `send'
    thin (0.8.1) lib/thin/runner.rb:166:in `run_command'
    thin (0.8.1) lib/thin/runner.rb:136:in `run!'
    thin (0.8.1) bin/thin:6
    /usr/local/bin/thin:19:in `load'
    /usr/local/bin/thin:19

Rendered rescues/_trace (35.9ms)
Rendered rescues/_request_and_response (0.3ms)
Rendering rescues/layout (internal_server_error)


Processing EmailsController#index (for 127.0.0.1 at 2009-02-04 08:57:58) [GET]
  [4;36;1mEmail Load (0.5ms)[0m   [0;1mSELECT * FROM "emails" [0m
Rendering emails/index
Rendered emails/_email (1.9ms)
Completed in 17ms (View: 11, DB: 0) | 200 OK [http://localhost/emails]


Processing EmailsController#index (for 127.0.0.1 at 2009-02-04 08:58:04) [GET]
  [4;35;1mEmail Load (0.7ms)[0m   [0mSELECT * FROM "emails" [0m
Rendering emails/index
Rendered emails/_email (1.9ms)
Completed in 21ms (View: 12, DB: 1) | 200 OK [http://localhost/emails]


Processing EmailsController#index (for 127.0.0.1 at 2009-02-04 08:59:49) [GET]
  [4;36;1mEmail Load (0.5ms)[0m   [0;1mSELECT * FROM "emails" [0m
Rendering emails/index
Rendered emails/_email (1.6ms)
Completed in 17ms (View: 11, DB: 0) | 200 OK [http://localhost/emails]


Processing EmailsController#index (for 127.0.0.1 at 2009-02-04 09:00:07) [GET]
  [4;35;1mEmail Load (0.6ms)[0m   [0mSELECT * FROM "emails" [0m
Rendering emails/index

ActionView::TemplateError (undefined method `html_body_from_tmail' for #<ActionView::Base:0x25ea2fc>) on line #5 of app/views/emails/_email.html.erb:
2: <hr />
3: <%= email.subject %>
4: <hr />
5: <%= html_body_from_tmail(email) %>

    app/views/emails/_email.html.erb:5
    app/helpers/emails_helper.rb:3:in `display_email'
    app/views/emails/index.html.erb:3
    app/views/emails/index.html.erb:2:in `each'
    app/views/emails/index.html.erb:2
    thin (0.8.1) lib/thin/connection.rb:59:in `pre_process'
    thin (0.8.1) lib/thin/connection.rb:50:in `process'
    thin (0.8.1) lib/thin/connection.rb:35:in `receive_data'
    eventmachine (0.12.2) lib/eventmachine.rb:231:in `run_machine'
    eventmachine (0.12.2) lib/eventmachine.rb:231:in `run'
    thin (0.8.1) lib/thin/backends/base.rb:45:in `start'
    thin (0.8.1) lib/thin/server.rb:146:in `start'
    thin (0.8.1) lib/thin/controllers/controller.rb:79:in `start'
    thin (0.8.1) lib/thin/runner.rb:166:in `send'
    thin (0.8.1) lib/thin/runner.rb:166:in `run_command'
    thin (0.8.1) lib/thin/runner.rb:136:in `run!'
    thin (0.8.1) bin/thin:6
    /usr/local/bin/thin:19:in `load'
    /usr/local/bin/thin:19

Rendered rescues/_trace (96.3ms)
Rendered rescues/_request_and_response (0.3ms)
Rendering rescues/layout (internal_server_error)


Processing EmailsController#index (for 127.0.0.1 at 2009-02-04 09:00:13) [GET]
  [4;36;1mEmail Load (0.5ms)[0m   [0;1mSELECT * FROM "emails" [0m
Rendering emails/index
Rendered emails/_email (1.7ms)
Completed in 17ms (View: 11, DB: 0) | 200 OK [http://localhost/emails]


Processing EmailsController#index (for 127.0.0.1 at 2009-02-04 09:00:21) [GET]
  [4;35;1mEmail Load (0.5ms)[0m   [0mSELECT * FROM "emails" [0m
Rendering emails/index
Rendered emails/_email (1.8ms)
Completed in 17ms (View: 11, DB: 0) | 200 OK [http://localhost/emails]


Processing EmailsController#index (for 127.0.0.1 at 2009-02-04 09:00:28) [GET]
  [4;36;1mEmail Load (0.5ms)[0m   [0;1mSELECT * FROM "emails" [0m
Rendering emails/index
Rendered emails/_email (1.6ms)
Completed in 16ms (View: 11, DB: 0) | 200 OK [http://localhost/emails]


Processing EmailsController#index (for 127.0.0.1 at 2009-02-04 09:00:31) [GET]
  [4;35;1mEmail Load (0.5ms)[0m   [0mSELECT * FROM "emails" [0m
Rendering emails/index
Rendered emails/_email (1.6ms)
Completed in 17ms (View: 11, DB: 1) | 200 OK [http://localhost/emails]
Received email: 23
  [4;35;1mEmail Create (0.5ms)[0m   [0mINSERT INTO "emails" ("message", "updated_at", "uid", "created_at") VALUES('MIME-Version: 1.0
Received: by 10.142.215.15 with HTTP; Wed, 4 Feb 2009 09:00:49 -0800 (PST)
Date: Wed, 4 Feb 2009 09:00:49 -0800
Delivered-To: supporttrackr@gmail.com
Message-ID: <35c02b870902040900g3da19566k6b9708332d62ddb9@mail.gmail.com>
Subject: another
From: Support Test <supporttrackr@gmail.com>
To: supporttrackr@gmail.com
Content-Type: multipart/alternative; boundary=000e0cd1492ed26a4004621aba33

--000e0cd1492ed26a4004621aba33
Content-Type: text/plain; charset=ISO-8859-1
Content-Transfer-Encoding: 7bit

one

--000e0cd1492ed26a4004621aba33
Content-Type: text/html; charset=ISO-8859-1
Content-Transfer-Encoding: 7bit

one

--000e0cd1492ed26a4004621aba33--', '2009-02-04 17:01:08', 23, '2009-02-04 17:01:08')[0m


Processing EmailsController#index (for 127.0.0.1 at 2009-02-04 09:01:13) [GET]
  [4;36;1mEmail Load (0.9ms)[0m   [0;1mSELECT * FROM "emails" [0m
Rendering emails/index
Rendered emails/_email (2.0ms)
Rendered emails/_email (1.7ms)
Completed in 26ms (View: 17, DB: 1) | 200 OK [http://localhost/emails]


Processing EmailsController#index (for 127.0.0.1 at 2009-02-04 09:22:23) [GET]
  [4;36;1mEmail Load (0.6ms)[0m   [0;1mSELECT * FROM "emails" [0m
Rendering emails/index
Rendered emails/_email (3.9ms)
Rendered emails/_email (3.5ms)
Completed in 307ms (View: 299, DB: 1) | 200 OK [http://localhost/emails]


Processing EmailsController#index (for 127.0.0.1 at 2009-02-04 09:22:34) [GET]
  [4;35;1mEmail Load (0.6ms)[0m   [0mSELECT * FROM "emails" [0m
Rendering emails/index
Rendered emails/_email (3.9ms)
Rendered emails/_email (3.6ms)
Completed in 22ms (View: 17, DB: 1) | 200 OK [http://localhost/emails]


Processing EmailsController#index (for 127.0.0.1 at 2009-02-04 09:23:42) [GET]
  [4;36;1mEmail Load (0.6ms)[0m   [0;1mSELECT * FROM "emails" [0m
Rendering emails/index
Rendered emails/_email (3.8ms)
Rendered emails/_email (4.1ms)
Completed in 23ms (View: 17, DB: 1) | 200 OK [http://localhost/emails]


Processing EmailsController#index (for 127.0.0.1 at 2009-02-04 09:23:54) [GET]
  [4;35;1mEmail Load (0.6ms)[0m   [0mSELECT * FROM "emails" [0m
Rendering emails/index
Rendered emails/_email (1.9ms)
Rendered emails/_email (1.7ms)
Completed in 20ms (View: 14, DB: 1) | 200 OK [http://localhost/emails]


Processing EmailsController#index (for 127.0.0.1 at 2009-02-04 09:24:03) [GET]
  [4;36;1mEmail Load (0.7ms)[0m   [0;1mSELECT * FROM "emails" [0m
Rendering emails/index
Rendered emails/_email (1.6ms)
Rendered emails/_email (1.6ms)
Completed in 19ms (View: 13, DB: 1) | 200 OK [http://localhost/emails]
